epoch,classification_output_acc,classification_output_loss,loss,lr,segmentation_output_acc,segmentation_output_loss,val_classification_output_acc,val_classification_output_loss,val_loss,val_segmentation_output_acc,val_segmentation_output_loss
0,0.9276729559748428,0.23989645194455558,0.30064716304318523,1e-04,0.9005979473860759,0.060750710654933496,0.9209558823529411,0.223055589122369,0.26286164550658536,0.9184553360237795,0.03980605698683683
1,0.9744496855345912,0.08390402549860557,0.10821709328524347,1e-04,0.9499400604820851,0.02431306761613338,1.0,0.03889456660801764,0.06867863303598236,0.9310718327760696,0.029784066219101932
2,0.9886006289308176,0.03095766390996338,0.05010548795415264,1e-04,0.9574605427073233,0.01914782378289544,0.9852941176470589,0.052872813210877424,0.07892586170312237,0.9377634840853074,0.0260530485333327
3,0.9960691823899371,0.010897627936397187,0.02730008160384993,1e-04,0.9626459471834531,0.01640245370396981,0.9816176470588235,0.04280105606748668,0.06560504598104779,0.9460719850133447,0.02280399011557593
4,0.9819182389937107,0.053502149147663325,0.07050963876763089,1e-04,0.9602167958733421,0.017007489433898678,0.9852941176470589,0.03839954741167329,0.06085943478597876,0.9448407695573919,0.022459887228358316
5,0.9964622641509434,0.010685439588559227,0.02525262112301663,1e-04,0.9658674447791381,0.014567181571978349,1.0,0.00462432427722139,0.023918978116639397,0.9542964030714596,0.019294653731562635
6,0.9980345911949685,0.0045173565970959405,0.017156466042898222,1e-04,0.9703139767706769,0.012639109423799944,1.0,0.004436740543603853,0.02180341787307578,0.9593117131906397,0.01736667739939602
7,0.9901729559748428,0.0313504056798689,0.04413336588790254,1e-04,0.9696820803783225,0.012782960698893,0.9705882352941176,0.08559159632814453,0.10465786736184622,0.9545992577777189,0.019066270084722954
8,0.9964622641509434,0.013655148634462799,0.025820604234834277,1e-04,0.9711303499134831,0.012165455835133369,1.0,0.003503430869654146,0.01992426552426289,0.9613660258405349,0.016420834697782993
9,0.9992138364779874,0.003939696913884084,0.014634776938085755,1e-04,0.9747015841352115,0.010695080021718435,0.9963235294117647,0.00591327120265733,0.019377571496400323,0.9692429155111313,0.013464300276930718
10,0.997248427672956,0.013923100100484385,0.024035424933440797,1e-04,0.9761504952637654,0.010112324925783858,0.9669117647058824,0.1055368462876579,0.12306976151269149,0.9594974272391376,0.017532915780868602
11,0.9779874213836478,0.06064456261901439,0.07328077039532012,1e-04,0.9695996450928023,0.012636207866353574,0.9889705882352942,0.03337122928753482,0.04748867375447469,0.9681010079734466,0.014117444413440192
12,0.9905660377358491,0.024321368411707147,0.03564753325995784,1e-04,0.972934733396806,0.011326164557047939,0.9926470588235294,0.02224237951903727,0.03520331345498562,0.970249717726427,0.012960933908984503
13,0.9964622641509434,0.00776704490835453,0.017432768361309088,1e-04,0.9769929100132588,0.009665723513729824,1.0,0.0009334970364696627,0.012521826949737528,0.9735633722122978,0.011588329962893006
14,0.9988207547169812,0.0030269733758415637,0.011508078490817369,1e-04,0.9798883535202194,0.008481105086657236,1.0,0.0005402827808759813,0.012130119468030684,0.9744100868701935,0.011589836705859531
15,0.9996069182389937,0.0008361134635688552,0.008342893715104405,1e-04,0.9822362151535802,0.007506780271453537,1.0,0.00042872268697384937,0.008957330568912713,0.9805346753667382,0.0085286078563727
16,1.0,0.0003180633228191852,0.006860841040385289,1e-04,0.984515776236852,0.006542777717289216,1.0,0.0006156012190638863,0.008251422564225161,0.9820501155713025,0.007635821369202698
17,0.9956761006289309,0.01884255914950258,0.026472070542861173,1e-04,0.9818485634132001,0.007629510908132806,0.9963235294117647,0.02149682114887743,0.030599716811112183,0.9785349342752906,0.009102896020254669
18,0.9960691823899371,0.012961659259454682,0.02139812725912428,1e-04,0.9798370792805774,0.00843646812161911,0.9926470588235294,0.01711192793143823,0.028161337510134804,0.9748307510333902,0.011049409568145433
19,0.9921383647798742,0.02237523422976702,0.031932538734754816,1e-04,0.977099430448604,0.009557304659319468,0.9191176470588235,0.2189777425630703,0.23497785977087915,0.9638488415409537,0.01600011907901396
20,0.9929245283018868,0.021086632161549854,0.030422374909251648,1e-04,0.9775667599162216,0.009335742837972002,0.9816176470588235,0.04238558104776423,0.05333693277583841,0.9736559014110004,0.010951351744177587
21,0.9937106918238994,0.020688118903246143,0.02946279174501791,1e-04,0.9790592710926848,0.008774672738135845,0.9852941176470589,0.043599528949330425,0.052235967212575764,0.9801917023518506,0.00863643826725071
22,0.9956761006289309,0.012817115157378576,0.020357897298325604,5e-05,0.9820258703621678,0.007540782077059314,1.0,0.0021973789082895723,0.00988335769815261,0.9819894590798546,0.007685978790772531
23,1.0,0.0010281053537066025,0.007708609576773414,5e-05,0.9841083170108076,0.006680504239161364,1.0,0.0005390499950726066,0.007036343525054262,0.9845177829265594,0.006497293556629515
24,1.0,0.0002349354379996942,0.006100960391055231,5e-05,0.9860709442657495,0.005866024953257527,1.0,0.00041276417515652663,0.006372121683157542,0.9858008325099945,0.00595935747397187
25,1.0,0.0004586371726188595,0.00584088653251353,5e-05,0.9872118920650123,0.00538224935364681,1.0,0.00026867407764123475,0.006337656091679545,0.985517169622814,0.006068981988766395
26,1.0,0.00021014377379332237,0.005131415046426415,5e-05,0.9883024969940666,0.004921271277550585,1.0,0.00015740194199305037,0.005609912794384667,0.9871895041535882,0.005452510815195958
27,1.0,0.0001379671150717165,0.004843288520058183,5e-05,0.9888128685126515,0.0047053214065209265,1.0,0.0001231791608338326,0.005492086597608731,0.9872131461606306,0.005368907432592309
28,1.0,0.00011415837915547374,0.004499138071884126,5e-05,0.9895570272544645,0.00438497967413281,1.0,9.425747578675596e-05,0.005414055078290403,0.9873242422061808,0.005319797611959717
29,1.0,7.094410743701187e-05,0.004275018240928462,5e-05,0.9899575039275788,0.004204074133358861,1.0,7.713230607130165e-05,0.0048241178737953305,0.988648104317048,0.004746985542998814
30,1.0,7.41251774079147e-05,0.0040662466839787624,5e-05,0.9904408679818207,0.003992121505592042,1.0,6.28241574866158e-05,0.005119563542607734,0.9879577887408874,0.005056739367051598
31,1.0,6.041035751611481e-05,0.003893474213202021,5e-05,0.9908313854310498,0.0038330638400460564,1.0,5.898469325938503e-05,0.004842630854588659,0.9884396274300182,0.004783646148793837
32,1.0,3.4662150071398126e-05,0.0037011864427447835,5e-05,0.9912006898121264,0.003666524292092841,1.0,5.524059393317604e-05,0.004575954890563427,0.9891904180540758,0.004520714279565522
33,1.0,4.120809883791247e-05,0.0035323907662206475,5e-05,0.9916174038776062,0.0034911826530430443,1.0,4.9308715785698226e-05,0.004136543991455042,0.9904932704041985,0.004087235295788988
34,1.0,3.114855638470706e-05,0.00344943223391519,5e-05,0.9917718578809462,0.0034182836695533223,1.0,4.0338914738627224e-05,0.004760331083910868,0.9888822225963368,0.00471999218194362
35,1.0,3.1019679895609467e-05,0.0033488417748631263,5e-05,0.9920227148997709,0.003317822093062056,1.0,4.092356651137366e-05,0.004162933156989953,0.9902061776203268,0.00412200960015659
36,1.0,3.012781718759117e-05,0.0031868687683698845,5e-05,0.9923948484396784,0.0031567409476441033,1.0,3.517786224240554e-05,0.004204986623817068,0.9902395570979399,0.004169808755464414
37,1.0,2.612516240584891e-05,0.0031270865913269655,5e-05,0.99251474805598,0.0031009614258951878,1.0,3.758254231995044e-05,0.0037176627049441725,0.9914552928770289,0.00368008016170386
38,1.0,2.1965252899890158e-05,0.0031217364231915265,5e-05,0.9925071017922096,0.0030997711713001154,1.0,3.048327821254722e-05,0.00503589553580455,0.9881564063184402,0.005005412276231629
39,1.0,4.2424870406769743e-05,0.00302870971324221,5e-05,0.9927745251535619,0.002986284838286492,1.0,3.0461324345639815e-05,0.004058395104948431,0.990163018598276,0.004027933786239694
40,1.0,1.9683418655695965e-05,0.0028440321167072856,5e-05,0.9931636330841472,0.0028243486990247204,1.0,2.8390143139698493e-05,0.003928444385939442,0.9905272082370871,0.003900054225917248
41,1.0,1.650505560175904e-05,0.0027352763386003956,5e-05,0.9934053010535691,0.002718771279587428,1.0,2.1761240472863072e-05,0.004369707490481874,0.9894379798103782,0.00434794623117127
42,1.0,1.3153711728328463e-05,0.0026704808964347175,5e-05,0.9935543561506571,0.0026573271837682937,1.0,1.947775782524024e-05,0.0035879916086902514,0.991454797632554,0.0035685138461892217
43,1.0,1.2354027500795377e-05,0.002651215877249228,5e-05,0.9935929987040706,0.002638861850715307,1.0,1.9653370650019042e-05,0.00324545956305776,0.9922390641535029,0.0032258061794838045
44,1.0,1.2267608524814514e-05,0.0025175713985988507,5e-05,0.9938965825914586,0.0025053037875610164,1.0,1.6963776709932224e-05,0.003752426174126894,0.9911982373279684,0.0037354623970767375
45,1.0,1.862507962637914e-05,0.002646546509393649,5e-05,0.9936361933279337,0.0026279214316387457,1.0,1.587108505753028e-05,0.0033298920675673906,0.9921707808971405,0.0033140209955437217
46,1.0,1.0624530739376584e-05,0.002508436515817489,5e-05,0.9939299015878881,0.002497811990998006,1.0,1.0961959445577417e-05,0.003313626077108304,0.9919659232392031,0.003302664153606576
47,1.0,1.2457870247345145e-05,0.002347669833992848,5e-05,0.9943163844774354,0.0023352119681035875,1.0,1.2086244328703715e-05,0.002921755877597367,0.9932522361769396,0.0029096696371733047
48,1.0,1.0103496012644604e-05,0.0023518711384883702,5e-05,0.9943007879287192,0.0023417676434377734,1.0,2.0506247349270352e-05,0.002918823271209155,0.992975602255148,0.002898317011867595
49,1.0,2.9821378271710706e-05,0.0024114099694357355,5e-05,0.9942010729192937,0.0023815885939234105,1.0,1.206665585751874e-05,0.0035351142287254333,0.991399892989327,0.0035230475888751887
50,1.0,2.291475752814889e-05,0.0023059990288508154,5e-05,0.9944323241335791,0.0022830842813307056,1.0,2.1940765227454638e-05,0.002838654539493077,0.9932863116264343,0.002816713778028155
51,1.0,1.0647979160264296e-05,0.002582088752017128,5e-05,0.9937578385356087,0.002571440777381144,1.0,1.3046742082924739e-05,0.003288760536473573,0.9923343360424042,0.003275713821708718
52,1.0,8.38490712752194e-06,0.0023391113232868084,5e-05,0.9943361893389959,0.002330726418393787,1.0,6.565194684155278e-06,0.0027154041368596476,0.9935609829776427,0.0027088389375849683
53,1.0,6.751062877736369e-06,0.002158940905183788,5e-05,0.9947616890916284,0.002152189842839696,1.0,6.660535962556851e-06,0.0024309551415225383,0.9940654530244715,0.002424294616931173
54,1.0,4.426563983454e-06,0.0019949147878244003,5e-05,0.9951479286892609,0.0019904882271859045,1.0,4.920996309214629e-06,0.0025014807025025435,0.9939225824440227,0.002496559718993547
55,1.0,1.1641296728404291e-05,0.002004567447518227,5e-05,0.9951413491237089,0.001992926152925294,1.0,3.3182018574920263e-06,0.0023802115105996456,0.9942655317923602,0.0023768933178336523
56,1.0,3.48112687176621e-06,0.0018720171257264843,5e-05,0.9954331172337322,0.0018685360068642774,1.0,2.760264031982896e-06,0.002342669721281923,0.9943111205802244,0.0023399094557937455
57,1.0,2.811743376472027e-06,0.0019171166150616893,5e-05,0.995321716714955,0.0019143048778934837,1.0,6.825213718746468e-06,0.0024072054622913987,0.994130024138619,0.002400380252819399
58,1.0,2.3797942059354108e-06,0.0019461658417903262,5e-05,0.9952467005207853,0.0019437860550707406,1.0,2.166871488723847e-06,0.002302422734347227,0.9944433946819866,0.0023002558771301716
59,1.0,3.7040366280966836e-06,0.0019361014740026127,5e-05,0.9952763335884742,0.001932397439933833,1.0,2.6766932790506564e-06,0.002463778152185328,0.994124083834536,0.002461101474610212
60,1.0,2.8937520583355615e-06,0.0017585789004293908,5e-05,0.9956972465949988,0.001755685154524333,1.0,5.097702521543865e-06,0.002182734909344136,0.9948443253250683,0.0021776372125125766
61,1.0,2.2346743319700473e-06,0.0016619793738680746,5e-05,0.9959320392248765,0.0016597447006775757,1.0,3.6518844274854368e-06,0.0019961575932992514,0.9953243355540669,0.0019925057148451313
62,1.0,1.8813307372735704e-06,0.001644713963190117,5e-05,0.9959700553672118,0.0016428326352121625,1.0,2.6887964133362962e-06,0.002038951954626314,0.9952331623610329,0.002036263164721758
63,1.0,3.338386848415116e-06,0.0017303921463137856,5e-05,0.9957743615099469,0.0017270537614222008,1.0,3.3314328663557127e-06,0.0019916396618902903,0.9951666768859414,0.0019883082251694493
64,1.0,2.5686363739906774e-06,0.0016665609535884182,5e-05,0.9959328959947862,0.0016639923170551588,1.0,3.0306774328306906e-06,0.001992821939946974,0.9950593937845791,0.001989791263922063
65,1.0,7.870411638603675e-06,0.0015816577445165072,5e-05,0.9961472337350905,0.0015737873355824348,1.0,2.2476694755870514e-06,0.0017601977109306438,0.9957146723480785,0.0017579500512083007
66,1.0,4.807727500650321e-06,0.0016491728905828542,5e-05,0.9959749084598614,0.001644365172086389,1.0,6.369461705363017e-06,0.002145258877563345,0.9948911211069893,0.0021388894255163476
67,1.0,2.7564184647258188e-06,0.0016124689709556249,5e-05,0.9960409712116673,0.0016097125614504184,1.0,2.9286058770218368e-06,0.0017775845172924593,0.9956367313861847,0.00177465592209688
68,1.0,1.7204191453204317e-06,0.0015145767166765418,5e-05,0.9962803211602025,0.0015128563048754404,1.0,2.08085905045403e-06,0.001849600363878862,0.9955331104643205,0.0018475195170407567
69,1.0,1.4263480136315785e-06,0.001425354487816188,5e-05,0.9965082881210735,0.0014239281478906109,1.0,3.847953059456151e-06,0.0017966292901238537,0.9954735680538065,0.0017927813357399667
70,1.0,1.0197235168743717e-06,0.0014375247954136147,5e-05,0.996479978538909,0.001436505076818098,1.0,9.91928529902499e-07,0.0019702745656318523,0.9951564888743794,0.001969282645458246
71,1.0,1.1894873727445106e-06,0.0014132542294778118,2.5e-05,0.9965206871992387,0.0014120647486053266,1.0,1.3848066499001696e-06,0.0014494969988899196,0.9964048047276104,0.0014481121889890775
72,1.0,8.419219440412283e-07,0.0011477505343595708,2.5e-05,0.9971911466721469,0.0011469086186605968,1.0,1.4622447515305941e-06,0.0014160508872009814,0.9964304075521582,0.001414588640567244
73,1.0,1.3351440604954707e-06,0.0010650694830988902,2.5e-05,0.9973973598120347,0.0010637343471647247,1.0,1.1670928457911434e-06,0.0013289645276552834,0.9966579833451439,0.0013277974366621278
74,1.0,6.567696334174409e-07,0.0010242779349685653,2.5e-05,0.9975019307256495,0.0010236211701511529,1.0,1.2430220147303531e-06,0.0012681632651947439,0.9968779928543988,0.0012669202448759118
75,1.0,2.1639260867818535e-06,0.0010415069816001462,2.5e-05,0.9974639848718103,0.0010393430627501751,1.0,9.011360509034335e-07,0.0013932150057585472,0.9965724489268135,0.0013923138604321353
76,1.0,6.995826505936224e-07,0.001031027154527669,2.5e-05,0.9974781570944397,0.0010303275762367466,1.0,1.060347212909191e-06,0.001447342913118465,0.9964880347251892,0.0014462825647034846
77,1.0,8.268629399569804e-07,0.0010271904123002522,2.5e-05,0.9974819221211679,0.001026363552342251,1.0,1.4321545549478287e-06,0.0015054306457065703,0.9963879059342777,0.0015039984924335253
78,1.0,4.959850166577646e-07,0.0010016106646405475,2.5e-05,0.9975460679651057,0.001001114686954702,1.0,8.634041285325659e-07,0.001692145489334293,0.9960123738821816,0.0016912820899639936
79,1.0,6.208217768573474e-07,0.0010527359837345463,1.25e-05,0.9974181196599636,0.001052115170567724,1.0,9.369374501865062e-07,0.0014237911673262715,0.9965929844800163,0.001422854222576408
80,1.0,8.204507808569952e-07,0.0009366566160255926,1.25e-05,0.9977052775943804,0.0009358361740113359,1.0,1.0082716198165626e-06,0.0012871813857654,0.9969382549033445,0.0012861731092390768
81,1.0,5.943875021357126e-07,0.0008745724803902818,1.25e-05,0.9978617118589533,0.0008739781002741038,1.0,9.192524706403514e-07,0.001259806812466944,0.997006695060169,0.0012588875594220178
82,1.0,4.565119012315776e-07,0.0008343224444444168,1.25e-05,0.9979655210327052,0.0008338659382337388,1.0,8.754891894322808e-07,0.0012252993157530641,0.9971009843489703,0.0012244238288771799
83,1.0,6.916288334219949e-07,0.0008154843486157252,1.25e-05,0.9980139323750382,0.0008147927262870091,1.0,7.93053515876937e-07,0.0011737458279479623,0.9972310031161589,0.0011729527733918717
84,1.0,5.552415427951162e-07,0.0007737665279744977,1.25e-05,0.9981187282118408,0.0007732112933339773,1.0,8.999670444692958e-07,0.001188640107797897,0.9971995143329396,0.0011877401351846535
85,1.0,4.866657572418894e-07,0.0007588167399542886,1.25e-05,0.9981600417281097,0.0007583300808024353,1.0,7.081798555679384e-07,0.0011601855341509422,0.9972155339577619,0.0011594773651963537
86,1.0,4.556849850245108e-07,0.0007479546142086012,1.25e-05,0.9981842247195214,0.0007474989374570912,1.0,5.947596026136554e-07,0.00117646913670743,0.9971957355737686,0.0011758743768201813
87,1.0,4.868947897218031e-07,0.0007433924423501411,1.25e-05,0.9981922827801615,0.0007429055538454602,1.0,7.827579408700223e-07,0.0012223295908530846,0.9970907910781748,0.0012215468253570555
88,1.0,4.4884853189903523e-07,0.0007470328649637764,6.25e-06,0.9981817380062439,0.0007465840239515645,1.0,7.24314263573647e-07,0.0012031452334828347,0.9970923618358725,0.0012024209161823178
89,1.0,3.8431605928393957e-07,0.0007172768187647651,6.25e-06,0.998261884885764,0.0007168925105544311,1.0,6.759936748407574e-07,0.001201602942755391,0.9970928535741919,0.0012009269489413675
90,1.0,4.604242876883122e-07,0.0007058267168438577,6.25e-06,0.9982923548551476,0.0007053663007440573,1.0,6.661634418993773e-07,0.0011575835943564445,0.9971895638634177,0.00115691743164515
91,1.0,4.022984251249088e-07,0.0006800090794161595,6.25e-06,0.9983558544197922,0.0006796067885164195,1.0,6.350923539223592e-07,0.0011541730414404918,0.9971894981230006,0.00115353794193224
92,1.0,3.810106296488351e-07,0.0006801521902722336,6.25e-06,0.9983551897717722,0.0006797711826010121,1.0,6.579187282294269e-07,0.001100931834491134,0.9973219484090805,0.0011002739201477893
93,1.0,5.196674560244254e-07,0.0006546543380457897,6.25e-06,0.9984196630663842,0.0006541346767975849,1.0,5.425696919721358e-07,0.0011015925154103624,0.9973178979228524,0.0011010499446830876
94,1.0,3.6148583079775935e-07,0.0006462375524691042,6.25e-06,0.9984418030055064,0.000645876074383334,1.0,4.982169421071723e-07,0.001071024888968917,0.997400272418471,0.0010705266724792583
95,1.0,3.710509418433946e-07,0.0006418432757579107,6.25e-06,0.9984556339071982,0.000641472232030154,1.0,5.669128338534873e-07,0.0010775402667658294,0.9973792442504097,0.0010769733481163926
96,1.0,3.6252125901053106e-07,0.0006414150438269999,6.25e-06,0.9984539372366179,0.0006410525294435181,1.0,4.5439307866706045e-07,0.0010216256127665367,0.9975210989222807,0.0010211712215095758
97,1.0,4.319526578937695e-07,0.0006282496448743901,6.25e-06,0.9984885128039234,0.0006278176990018443,1.0,5.248776915323106e-07,0.0010591071717071293,0.997424436842694,0.001058582294396782
98,1.0,4.875412939444266e-07,0.0006278032349472362,3.125e-06,0.9984837929782627,0.0006273157010330824,1.0,4.722053433760172e-07,0.0010280470348387847,0.9974751490003922,0.0010275748337495744
99,1.0,3.398899260267947e-07,0.0006112631157944096,3.125e-06,0.9985252465092161,0.0006109232329338813,1.0,5.05303767246968e-07,0.001026550679371747,0.9974853633081212,0.0010260453735313872
100,1.0,3.4320905968514027e-07,0.0006032974632023453,3.125e-06,0.9985456890280142,0.0006029542604916723,1.0,5.018401929307254e-07,0.0010166755879147198,0.9975068455233294,0.0010161737462861791
101,1.0,3.511483323821284e-07,0.0006009943696520871,3.125e-06,0.9985565700620975,0.0006006432270869882,1.0,5.04192391889212e-07,0.001041229281006107,0.9974500554449418,0.0010407250879592646
102,1.0,3.14766163099282e-07,0.0005971902735939882,3.125e-06,0.998564638056845,0.0005968755141117335,1.0,4.985919312449529e-07,0.0010481539399787674,0.9974325413213057,0.001047655350275283
103,1.0,3.2700906448937684e-07,0.0006001246607102419,1.5625e-06,0.9985549256861584,0.0005997976573929483,1.0,4.780407541711143e-07,0.001056769399677732,0.9974232280955595,0.0010562913572785498
104,1.0,3.712773689105674e-07,0.0005929544065608907,1.5625e-06,0.9985719609935328,0.0005925831366835584,1.0,4.921129314246454e-07,0.001040126964011613,0.997465053025414,0.0010396348507664003
105,1.0,3.02693218705253e-07,0.0005754851319705598,1.5625e-06,0.9986182646181598,0.0005751824444460055,1.0,5.138307339875075e-07,0.0010353143571752727,0.9974788532537573,0.001034800525624579
106,1.0,2.3821502377941872e-07,0.0005810246415730601,1.5625e-06,0.9986061088319095,0.0005807864313883672,1.0,4.5914739722681643e-07,0.001038797976969577,0.9974743241772932,0.0010383388289483264
107,1.0,3.8800377983634517e-07,0.0005733510201105719,1.5625e-06,0.9986247508405889,0.0005729630221202735,1.0,4.6744294145221774e-07,0.0010246901442502242,0.9975069130168241,0.0010242226999253035
108,1.0,4.3040771718172026e-07,0.0005756672879032287,7.8125e-07,0.998617891433104,0.0005752368858149978,1.0,4.784863338488441e-07,0.001011241226532387,0.9975589049213073,0.001010762740727788
109,1.0,3.543513247468267e-07,0.0005710704650059226,7.8125e-07,0.9986309184218353,0.000570716118456872,1.0,4.841996832241461e-07,0.0010156837550526047,0.9975481725790921,0.0010151995580492761
110,1.0,4.103545171922865e-07,0.0005623869073127671,7.8125e-07,0.9986553510779854,0.0005619765584043713,1.0,4.702066406824703e-07,0.0009996558955582954,0.997587147004464,0.0009991856880814714
111,1.0,3.1412315870182617e-07,0.0005668668173774842,7.8125e-07,0.9986411413681582,0.0005665526979964566,1.0,4.7295307947128067e-07,0.0009985172501354314,0.9975896074491388,0.000998044293202624
112,1.0,3.2840617026077073e-07,0.0005660871786589634,7.8125e-07,0.9986427437584355,0.0005657587783578081,1.0,4.797073827317638e-07,0.0009869542786070857,0.9976171596961863,0.0009864745712976025
113,1.0,3.525979503451823e-07,0.0005587409052751818,7.8125e-07,0.998664749868261,0.0005583883126437629,1.0,4.7569598048870803e-07,0.0009964366395519499,0.9976004309513989,0.0009959609451470897
114,1.0,2.8956981041087257e-07,0.0005511860309187732,7.8125e-07,0.9986824625693027,0.0005508964678489328,1.0,4.818951502936469e-07,0.0009872706261162152,0.9976165101808661,0.000986788733451463
115,1.0,2.7863294193781236e-07,0.0005550274581307218,7.8125e-07,0.9986732435301415,0.0005547488299557213,1.0,4.6444213776824736e-07,0.0009770450492129277,0.99764543596436,0.000976580603438539
116,1.0,2.9128477559820337e-07,0.0005552086417391931,3.90625e-07,0.9986705045280216,0.0005549173627331349,1.0,4.91657741969889e-07,0.000968801011742257,0.997667009339613,0.0009683093521744013
117,1.0,3.2747635968981515e-07,0.0005586944072384317,3.90625e-07,0.9986649318686072,0.0005583669359718139,1.0,4.7510564852239117e-07,0.0009764404513749897,0.9976494172040153,0.0009759653450387037
118,1.0,3.263158310215421e-07,0.0005497551169326974,3.90625e-07,0.9986871265390385,0.0005494288078058253,1.0,4.638590189601058e-07,0.0009623202229918473,0.9976815975764218,0.000961856366998023
119,1.0,2.742487142594978e-07,0.0005457800524360529,3.90625e-07,0.9986948908874823,0.0005455058085060029,1.0,4.6327589001628116e-07,0.0009594889278934501,0.9976905040881213,0.0009590256496962599
120,1.0,3.095718680143827e-07,0.0005498668825057622,3.90625e-07,0.9986836297332116,0.0005495573148539923,1.0,4.6294351818687574e-07,0.0009610790824380648,0.9976844822659212,0.0009606161389349247
121,1.0,2.977399758467513e-07,0.0005390522827660818,1.953125e-07,0.9987139994243406,0.000538754547651822,1.0,4.6995969562982846e-07,0.0009621697151006254,0.9976803265950259,0.0009616997558623552
122,1.0,2.9297366949784783e-07,0.0005431991613597416,1.953125e-07,0.998702660109262,0.0005429061930502161,1.0,4.5780116785047485e-07,0.0009566895828089293,0.9976921721416361,0.0009562317855478101
123,1.0,6.699518485077322e-07,0.0005441540191403983,1.953125e-07,0.9987000601846467,0.0005434840733079978,1.0,4.552457519976957e-07,0.0009592227314201676,0.9976878779775956,0.0009587674841681934
124,1.0,2.720686292943939e-07,0.0005458393665916527,1.953125e-07,0.9986936095750557,0.0005455673019710706,1.0,4.5341472767207133e-07,0.0009592693061088486,0.9976856577045777,0.0009588158932541881
125,1.0,4.1843397179309535e-07,0.0005466084961732557,1.953125e-07,0.998695136990937,0.0005461900673825703,1.0,4.498538228984096e-07,0.0009604580957195995,0.9976843665627873,0.0009600082412362099
126,1.0,2.889254554906483e-07,0.000538399873821961,9.765625e-08,0.9987158668491075,0.000538110953415949,1.0,4.4483311538853927e-07,0.0009578849010936477,0.9976882250869975,0.000957440071300987
127,1.0,2.6708454979726877e-07,0.0005459018677997303,9.765625e-08,0.9986968887676982,0.0005456347883541324,1.0,4.523969316285475e-07,0.0009554324822281213,0.9976952601881588,0.0009549800837275517
128,1.0,3.2175719712070975e-07,0.0005396815870212004,9.765625e-08,0.9987106919288635,0.0005393598344742244,1.0,4.625443438462352e-07,0.0009572073408087497,0.9976896932896446,0.0009567447996232659
129,1.0,2.950505368468064e-07,0.000535616806306314,9.765625e-08,0.9987201163978696,0.0005353217611913775,1.0,4.534026332942845e-07,0.0009551573055111529,0.997692857595051,0.0009547039080644026
130,1.0,3.074508717161523e-07,0.0005427859749193977,9.765625e-08,0.9987031202646172,0.0005424785292846496,1.0,4.448878778576085e-07,0.0009529876800062245,0.9976999970043406,0.0009525427945738877
131,1.0,2.9804926464258363e-07,0.0005387500820442765,4.8828124e-08,0.9987176070048375,0.0005384520396924103,1.0,4.379729130477017e-07,0.000952009650063701,0.9977025170536602,0.0009515716750791078
132,1.0,2.533032153057875e-07,0.00054395446058146,4.8828124e-08,0.9986994163420215,0.0005437011631266448,1.0,4.5802039546692736e-07,0.0009511831903022111,0.9977023978443706,0.0009507251713383833
133,1.0,3.074379076404972e-07,0.0005463290691072613,4.8828124e-08,0.9986998273891473,0.0005460216371092137,1.0,4.6564756954878435e-07,0.0009516471413114821,0.9977014888735378,0.0009511814954320845
134,1.0,4.2289441434090574e-07,0.0005381197420405751,4.8828124e-08,0.9987167558580075,0.0005376968519438538,1.0,4.660505763270601e-07,0.000945575416314087,0.9977142442675198,0.0009451093664050431
135,1.0,2.6735283176414137e-07,0.0005448925801817879,4.8828124e-08,0.9986964885918599,0.0005446252332189056,1.0,4.5020193136856374e-07,0.000948461054255912,0.9977097116849002,0.0009480108522385469
136,1.0,3.539567438980492e-07,0.0005396346697245531,2.4414062e-08,0.9987107582812039,0.0005392807175873182,1.0,4.5849389487654317e-07,0.0009486237549401052,0.9977072670179254,0.00094816526175504
137,1.0,2.515363074111585e-07,0.0005415866222655775,2.4414062e-08,0.99870580303594,0.0005413350905804256,1.0,4.6024337157077484e-07,0.0009461831727736246,0.997712344807737,0.0009457229299347519
138,1.0,3.2893802856938807e-07,0.0005402727879557477,2.4414062e-08,0.9987112626714526,0.0005399438559147969,1.0,4.4327119000212515e-07,0.0009450120354920407,0.9977179669282016,0.0009445687687462743
139,1.0,8.879232818130674e-07,0.0005395375851120027,2.4414062e-08,0.9987124423935728,0.0005386496661413965,1.0,4.4691129291403045e-07,0.0009438197294537745,0.9977197988944895,0.000943372821305221
140,1.0,2.7681902174277156e-07,0.0005417593092029423,2.4414062e-08,0.9987058995654748,0.0005414824949379032,1.0,4.4396750453756795e-07,0.00094536310130292,0.9977155915077995,0.0009449191352092277
141,1.0,7.643383688096195e-07,0.0005521276302572703,1.2207031e-08,0.9986846113354905,0.0005513632972248824,1.0,4.41740812399704e-07,0.0009397484665147631,0.9977288316277897,0.0009393067302880809
142,1.0,3.1301466502203043e-07,0.0005342229862504129,1.2207031e-08,0.9987240377462135,0.0005339099763842803,1.0,4.439602893940526e-07,0.00094272120109321,0.9977223101784202,0.0009422772435594679
143,1.0,3.3280171940975045e-07,0.000544072654714761,1.2207031e-08,0.9987008189255336,0.0005437398590030347,1.0,4.3675189854251157e-07,0.0009391418570885435,0.9977287623812171,0.0009387051053208244
144,1.0,3.1906986995208966e-07,0.0005405443206534914,1.2207031e-08,0.9987059796006424,0.0005402252549483476,1.0,4.4845259302118234e-07,0.0009412516374140978,0.9977244121186873,0.0009408031850505401
145,1.0,3.0285067220482765e-07,0.0005428290961796429,1.2207031e-08,0.9987036859464345,0.0005425262509635797,1.0,4.375309997704883e-07,0.0009418277075062232,0.9977221515248803,0.0009413901793510269
146,1.0,2.792739376220166e-07,0.0005368061608333966,1e-08,0.9987227376901878,0.0005365268922826046,1.0,4.2469940118942704e-07,0.00093923658492071,0.9977295162046657,0.0009388118906987502
147,1.0,2.6211133427513227e-07,0.0005420541870166144,1e-08,0.9987042990495574,0.0005417920812142942,1.0,4.1537023901462494e-07,0.0009366720538202892,0.997735594125355,0.0009362566830960157
148,1.0,3.3569831882011457e-07,0.0005478621922223243,1e-08,0.9986882642754968,0.0005475264995812098,1.0,4.1817638585892864e-07,0.000940794956370476,0.997724836363512,0.0009403767805505434
149,1.0,2.902501200224524e-07,0.0005431823561856898,1e-08,0.998701589474888,0.0005428921110062631,1.0,4.161932766526674e-07,0.0009376188305288772,0.9977322851910311,0.0009372026440413559
150,1.0,2.91329979835482e-07,0.0005367634935654501,1e-08,0.9987206961373863,0.0005364721690732166,1.0,4.159569842030083e-07,0.0009367668030523311,0.9977352014359306,0.0009363508442594834
151,1.0,3.0173457321521885e-07,0.0005398829954122808,1e-08,0.9987092955307391,0.0005395812647447939,1.0,4.3034587365548973e-07,0.0009340067626908422,0.9977416317252552,0.0009335764171898036
152,1.0,3.447427320384766e-07,0.0005427120385143127,1e-08,0.9987006039364533,0.000542367301125712,1.0,4.307766851204232e-07,0.0009340659393381109,0.9977406543843886,0.0009336351649835706
153,1.0,2.4753512740050276e-07,0.0005383964783750744,1e-08,0.998716783036226,0.0005381489483750888,1.0,4.3299977626949895e-07,0.0009341173392706824,0.997743167421397,0.0009336843436090823
154,1.0,3.4132750598822577e-07,0.0005371390802364023,1e-08,0.9987176484281912,0.0005367977574684382,1.0,4.2571719482964454e-07,0.0009347581508336589,0.9977394806988099,0.000934332435409648
155,1.0,3.2043061716231823e-07,0.0005412034311664214,1e-08,0.9987080880680924,0.000540883006230026,1.0,4.1723281854314446e-07,0.000935025666395257,0.9977402178680196,0.0009346084313138443
156,1.0,2.934996976245654e-07,0.0005418377917544747,1e-08,0.9987053303223736,0.0005415442968761174,1.0,4.358875949856825e-07,0.0009329312657321091,0.9977439449113958,0.0009324953819433337
157,1.0,2.5948354681161404e-07,0.0005418518379677684,1e-08,0.9987063387279991,0.0005415923602962515,1.0,4.3702215817417896e-07,0.0009333573980256915,0.9977436854558832,0.0009329203791875282
158,1.0,5.688406762315154e-07,0.0005396299437383986,1e-08,0.9987137566947337,0.0005390611077247351,1.0,4.308473699117766e-07,0.0009313748433829888,0.9977483521489536,0.0009309439996928524
159,1.0,2.68244251956869e-07,0.0005365933732564543,1e-08,0.9987167333656887,0.0005363251348743625,1.0,4.230680041588892e-07,0.000928208400556982,0.997755386373576,0.0009277853318695527
160,1.0,4.172933980248887e-07,0.0005439343030671384,1e-08,0.9986998442583864,0.0005435170147256082,1.0,4.2818614463241747e-07,0.0009302423791001167,0.9977502226829529,0.0009298141958424821
161,1.0,2.889350748092674e-07,0.0005397115001760998,1e-08,0.9987128485673629,0.0005394225702518539,1.0,4.403798673698301e-07,0.0009310517960008891,0.9977484871359432,0.0009306114190942882
162,1.0,2.708876293313008e-07,0.0005324351956039878,1e-08,0.9987297835964827,0.0005321643123426622,1.0,4.3114442327407687e-07,0.0009296257716521402,0.9977502454729641,0.0009291946309317342
163,1.0,2.868332104328001e-07,0.0005407667535418679,1e-08,0.9987107918322461,0.0005404799254083971,1.0,4.097909804431431e-07,0.0009276821921743891,0.9977554135462817,0.0009272723974016331
164,1.0,3.8467153154772333e-07,0.0005386652456140351,1e-08,0.9987140271648671,0.0005382805790055878,1.0,4.263551611630004e-07,0.0009277393281295457,0.9977536797523499,0.0009273129741332549
165,1.0,2.6523493197987164e-07,0.0005389631927378019,1e-08,0.9987133210934933,0.0005386979620260883,1.0,4.4815568939531445e-07,0.0009263298090766458,0.9977574313388151,0.0009258816580233328
166,1.0,3.5245516121874757e-07,0.0005386767342595864,1e-08,0.9987153109139616,0.0005383242851338473,1.0,4.4191377939990375e-07,0.0009252762144623214,0.9977610759875354,0.0009248343036126564
167,1.0,3.5338847237457055e-07,0.0005449711293151966,1e-08,0.9987015369928108,0.0005446177459381954,1.0,4.27122056207201e-07,0.0009262188455870594,0.9977583403096479,0.0009257917237632415
168,1.0,3.2200285102743e-07,0.0005395698667512679,1e-08,0.9987097779909769,0.0005392478682860767,1.0,4.167469925754537e-07,0.0009242311387103708,0.9977636021726272,0.0009238143906901207
169,1.0,2.520639396886506e-07,0.0005357042331147482,1e-08,0.9987214014590161,0.0005354521740828319,1.0,4.3774302572283914e-07,0.0009243640927118523,0.9977611636414248,0.0009239263522698928
170,1.0,3.2181669662875567e-07,0.000539539520882814,1e-08,0.998714361738109,0.0005392177093960052,1.0,4.3048704386826426e-07,0.0009189756212221897,0.9977734860251931,0.000918545133625979
171,1.0,2.8227121494981606e-07,0.0005459627512741377,1e-08,0.9986974745051665,0.0005456804852118517,1.0,4.1853676582009566e-07,0.0009186796506743549,0.9977758754702175,0.0009182611136245267
172,1.0,3.053802202307967e-07,0.0005407999206514467,1e-08,0.9987069477075301,0.0005404945455986491,1.0,4.219688218189704e-07,0.000918378502212684,0.9977752005352694,0.0009179565317668568
173,1.0,3.156797466840258e-07,0.0005406602358104333,1e-08,0.9987088957297727,0.000540344560472734,1.0,4.308547555855485e-07,0.0009196954599567963,0.9977718723170897,0.0009192646094186999
174,1.0,3.2479442408819227e-07,0.0005419102226312231,1e-08,0.9987055183206714,0.0005415854342252531,1.0,4.207281771078228e-07,0.0009166664360022611,0.9977795665754992,0.0009162457135971636
175,1.0,2.975183289893495e-07,0.0005451598213916006,1e-08,0.9986995419241348,0.00054486230830845,1.0,4.154689114573905e-07,0.000915543789982193,0.9977803975343704,0.000915128321674488
176,1.0,5.186191354159074e-07,0.0005423598475706669,1e-08,0.9987019360440332,0.0005418412339688373,1.0,4.44105305523876e-07,0.0009182381643982165,0.9977759885437348,0.0009177940604893272
177,1.0,3.085350375298811e-07,0.0005323805272617266,1e-08,0.9987269512512399,0.0005320719974635333,1.0,4.3431098738304117e-07,0.0009150789804099238,0.9977831779157414,0.000914644675931948
178,1.0,3.0088104492594265e-07,0.0005408055262505399,1e-08,0.9987113790692024,0.0005405046504851922,1.0,4.277673813599931e-07,0.0009149009907987955,0.9977834259762484,0.0009144732278347125
179,1.0,2.929608417883033e-07,0.0005469199876522838,1e-08,0.9986953647256648,0.0005466270313320723,1.0,4.0560280969175974e-07,0.0009120767568032641,0.9977868795394897,0.0009116711529820939
180,1.0,3.084815221770052e-07,0.0005508610368640391,1e-08,0.9986837635625083,0.0005505525608804757,1.0,4.1324582198017997e-07,0.000912997786037843,0.9977875229190377,0.0009125845441731679
181,1.0,1.4658359937682064e-06,0.000548007269554666,1e-08,0.9986942106822752,0.0005465414392089753,1.0,4.2052354456162075e-07,0.0009102355132413589,0.9977926059680826,0.0009098149979870548
182,1.0,2.801195014198924e-07,0.0005277366179360792,1e-08,0.9987424375875941,0.0005274565038183388,1.0,3.9659878445393933e-07,0.0009106943342725144,0.9977941066026688,0.0009102977363748805
183,1.0,3.289490180959375e-07,0.0005371616980311337,1e-08,0.9987166923172069,0.0005368327534517402,1.0,3.928381741209986e-07,0.0009089961831170298,0.9977954398183262,0.0009086033447494949
184,1.0,3.5042617638395505e-07,0.0005412692390455508,1e-08,0.998705525443239,0.0005409188187679674,1.0,3.9060781129846336e-07,0.0009073640608488966,0.9978024547590929,0.0009069734549163567
185,1.0,2.859317294018163e-07,0.0005398217217818066,1e-08,0.998710682369628,0.0005395357953179511,1.0,3.9608625378244087e-07,0.0009067862736307742,0.9978017701822168,0.0009063901927541284
186,1.0,2.983238165011201e-07,0.0005346869975884896,1e-08,0.9987254796912836,0.0005343886795739274,1.0,3.9201640386131526e-07,0.0009066649876973208,0.997802240007064,0.0009062729762209689
187,1.0,2.695688648514322e-07,0.0005361038288899621,1e-08,0.9987193803367375,0.0005358342647277194,1.0,3.927638592921981e-07,0.0009045272111988571,0.9978067515527501,0.0009041344473028884
188,1.0,3.034604910166274e-07,0.0005379297793257114,1e-08,0.9987147829067782,0.0005376263244850737,1.0,3.953156930691648e-07,0.0009062016435885144,0.9978045610820546,0.0009058063305393957
189,1.0,3.427704284042976e-07,0.0005377304427063608,1e-08,0.9987160902728075,0.0005373876777429239,1.0,3.9717837332756626e-07,0.000905315118656932,0.9978040570721907,0.0009049179463866441
190,1.0,2.6156422961865493e-07,0.0005441284500525198,1e-08,0.9987003739524938,0.0005438668909079963,1.0,3.903533081609446e-07,0.0009044739888529019,0.9978076719185885,0.0009040836388628711
191,1.0,5.059134196463994e-07,0.0005443709229416383,1e-08,0.9987002459337126,0.0005438650145346252,1.0,3.8440498878140474e-07,0.0009036765627302777,0.9978060450624017,0.0009032921601936002
192,1.0,3.2957063660941425e-07,0.0005446855522803493,1e-08,0.998699112320846,0.0005443559870938038,1.0,3.913322376213139e-07,0.0009024236043093397,0.9978110860375797,0.0009020322742050185
193,1.0,2.31732552230349e-07,0.0005306097858771389,1e-08,0.9987336455276178,0.0005303780587994839,1.0,3.8568085676782926e-07,0.0009003621645901791,0.9978155686574823,0.0008999764926128966
194,1.0,3.4854452361325155e-07,0.0005367499225774382,1e-08,0.9987197735774442,0.0005364013839814718,1.0,3.9583542530027334e-07,0.000899027515141129,0.9978190379984239,0.0008986316825030372
195,1.0,7.202955481095714e-07,0.0005447192541499324,1e-08,0.9987009267012278,0.0005439989644566949,1.0,3.8419309584683374e-07,0.0009009020235252512,0.9978133396190756,0.000900517834987327
196,1.0,2.6709783448857526e-07,0.0005422259433635762,1e-08,0.9987063351667153,0.0005419588501897564,1.0,3.962419698499322e-07,0.0008964290832141962,0.9978225125985987,0.0008960328431224779
197,1.0,2.9064701587755773e-07,0.0005412263293829659,1e-08,0.9987098374081858,0.0005409356876409689,1.0,4.01631668576469e-07,0.0009007313715033781,0.99781533286852,0.0009003297446350403
198,1.0,3.712022670012498e-07,0.0005375185867723183,1e-08,0.9987179119631929,0.0005371473904782555,1.0,3.894257690174139e-07,0.0008971508633454933,0.997822427574326,0.000896761438686072
199,1.0,2.919600882174455e-07,0.0005393115243121818,1e-08,0.9987141731775032,0.0005390195690539121,1.0,3.9686907177587514e-07,0.0008955538360169157,0.9978252640541863,0.0008951569684808526
200,1.0,3.198636140916876e-07,0.0005426271640111358,1e-08,0.9987019859020065,0.0005423073061418269,1.0,4.0156109235186595e-07,0.0008945635259699295,0.9978271021562464,0.0008941619650132078
201,1.0,2.714493010299698e-07,0.0005442248165875428,1e-08,0.9986999902710225,0.0005439533723910696,1.0,4.0248871634255865e-07,0.0008972763419425225,0.9978218902559841,0.0008968738616471563
202,1.0,3.05822439975896e-07,0.0005404189998341091,1e-08,0.9987101440534651,0.0005401131822749585,1.0,3.99737363523781e-07,0.0008951420287998832,0.9978274650433484,0.000894742291968535
203,1.0,3.203464798977274e-07,0.0005394446333348986,1e-08,0.9987123319937748,0.0005391242923236996,1.0,4.007234497168731e-07,0.0008900300625314497,0.997837681980694,0.0008896293413058362
204,1.0,6.777014632270676e-07,0.0005450010762415217,1e-08,0.9986987179555233,0.0005443233800041577,1.0,4.021478452726262e-07,0.0008963300043593763,0.99782293947304,0.0008959278613260455
205,1.0,2.9393847179599906e-07,0.0005323764885103612,1e-08,0.9987287883113765,0.0005320825549237922,1.0,4.080926012803462e-07,0.000894564004471142,0.9978277534246445,0.0008941559165524429
206,1.0,2.7098346320183956e-07,0.00053850415485996,1e-08,0.9987151259146396,0.0005382331768739032,1.0,3.983835672852699e-07,0.0008924138922285399,0.9978341144673964,0.000892015512149288
207,1.0,2.910055480109598e-07,0.0005469778915991679,1e-08,0.9986940487375799,0.0005466868910929716,1.0,3.92106491902917e-07,0.0008935080584385159,0.9978303681401646,0.0008931159545147024
208,1.0,2.684778418310769e-07,0.0005385631756892182,1e-08,0.9987128253253001,0.000538294703195182,1.0,3.9090128927241226e-07,0.0008925687066306744,0.9978331967311747,0.0008921778088038349
209,1.0,2.69411883103077e-07,0.0005413662858139694,1e-08,0.998705839773394,0.0005410968796178002,1.0,4.0791973668189367e-07,0.0008906181311056785,0.9978366047143936,0.000890210218665957
210,1.0,2.517748968025887e-07,0.0005348792501707685,1e-08,0.9987254926243668,0.0005346274819025922,1.0,3.86706014661045e-07,0.0008867845309021719,0.9978472318719415,0.0008863978265949032
211,1.0,2.8990161787008893e-07,0.0005338856106208134,1e-08,0.9987278625650226,0.0005335957138636589,1.0,3.8436614529088915e-07,0.0008835876797093078,0.997851518147132,0.000883203318260391
212,1.0,3.6995723283743355e-07,0.0005400651692831596,1e-08,0.9987076056078545,0.0005396952167202414,1.0,3.866987893818465e-07,0.0008853895962923108,0.9978472318719415,0.0008850029014009872
213,1.0,2.638527369030995e-07,0.000544656898461007,1e-08,0.9987003171593888,0.0005443930511879764,1.0,4.0429296908976485e-07,0.0008873053961638909,0.9978419121573953,0.0008869011122870314
214,1.0,3.6636515111382016e-07,0.0005376193649172139,1e-08,0.9987167935326414,0.0005372530052587741,1.0,4.102949927521556e-07,0.0008840820887331467,0.9978531669167912,0.0008836717949152979
215,1.0,3.283961636293283e-07,0.0005431492147021254,1e-08,0.9987035166917357,0.0005428208240107253,1.0,3.856687880949708e-07,0.0008862257912850884,0.9978451194132075,0.0008858401295797461
216,1.0,3.0932806958499956e-07,0.0005425400340983808,1e-08,0.9987035513673939,0.0005422307109004824,1.0,3.8816204598270037e-07,0.000884100713472649,0.9978494311080259,0.0008837125556858475
217,1.0,2.3784368690621847e-07,0.0005319207271014826,1e-08,0.9987302184479792,0.0005316828893176895,1.0,4.1150387515809894e-07,0.0008862374165533658,0.9978466822820551,0.0008858259209185181
218,1.0,3.0901731166385666e-07,0.0005396940569142934,1e-08,0.9987132508049971,0.0005393850437911673,1.0,3.960826540475516e-07,0.0008839212010463919,0.9978501349687576,0.0008835251193137511
219,1.0,2.7480848342413154e-07,0.0005406515385700044,1e-08,0.9987112137506593,0.0005403767350318683,1.0,3.987513243518994e-07,0.0008813246334765983,0.9978545606136322,0.0008809258878874756
220,1.0,2.9254016216858264e-07,0.0005452677135468525,1e-08,0.9986971048813946,0.0005449751797813114,1.0,3.9615332107533663e-07,0.0008805287430090282,0.9978588346172782,0.0008801325953647713
221,1.0,2.5255395552089394e-07,0.0005369970706582901,1e-08,0.9987163449983177,0.0005367445221695018,1.0,4.132885950854991e-07,0.0008827841272303725,0.9978526059318992,0.0008823708442779368
222,1.0,3.2058621598894376e-07,0.0005322689653239535,1e-08,0.9987298885606369,0.0005319483839773497,1.0,3.9462681175116227e-07,0.000880043048014426,0.99785937193562,0.0008796484257532831
223,1.0,3.3008584091351096e-07,0.0005449988032140587,1e-08,0.9986992437134748,0.0005446687224870196,1.0,3.7633597864161106e-07,0.000878537678919897,0.9978618849726284,0.0008781613501281861
224,1.0,3.9863542424255974e-07,0.000549484671372847,1e-08,0.9986863059442748,0.0005490860418814129,1.0,3.9738543279517726e-07,0.0008797075553208261,0.997859446441426,0.0008793101724757649
225,1.0,2.698635446875203e-07,0.0005367993400578604,1e-08,0.9987190913104411,0.0005365294816540613,1.0,3.924352787307458e-07,0.0008813047144726357,0.9978553310913199,0.0008809122861267122
226,1.0,3.5258598849229043e-07,0.0005348896172663501,1e-08,0.9987239406543708,0.0005345370358005517,1.0,3.8312931776160626e-07,0.0008776579069329754,0.9978645005646873,0.0008772747806848629
227,1.0,2.8072062137873344e-07,0.0005359728955158542,1e-08,0.9987217791425357,0.0005356921796443867,1.0,3.7436385223172155e-07,0.0008754544011454153,0.9978684826808817,0.0008750800419982304
228,1.0,3.319133841567339e-07,0.0005397008920129412,1e-08,0.9987101305580739,0.0005393689838307617,1.0,3.838061422142988e-07,0.0008777633295668399,0.9978628027088502,0.0008773795270826668
229,1.0,2.696562529607596e-07,0.0005416105582441771,1e-08,0.9987078209718069,0.0005413409083263081,1.0,3.748020741349311e-07,0.0008788880077190697,0.9978602721410639,0.0008785132128704229
230,1.0,3.12664119321946e-07,0.0005370277367604007,1e-08,0.998716209107225,0.0005367150786113134,1.0,3.854425297626395e-07,0.0008758305433302131,0.9978665516656988,0.0008754451093195445
231,1.0,3.1493766894444713e-07,0.0005388527389878624,1e-08,0.9987133833222419,0.0005385378056147967,1.0,3.8509418576846683e-07,0.0008721198023789946,0.9978785015204373,0.0008717347133343163
232,1.0,3.339381969214296e-07,0.0005368360841929409,1e-08,0.9987163794865398,0.0005365021499082499,1.0,3.4785674659708416e-07,0.0008761850100092809,0.9978670591817183,0.0008758371524677119
233,1.0,2.8397906143738723e-07,0.0005395590991576923,1e-08,0.9987124815676947,0.0005392751250300358,1.0,4.035651271461869e-07,0.0008709517526714241,0.9978794183801202,0.0008705481946783359
234,1.0,3.2294840722541e-07,0.0005325782601501933,1e-08,0.998730720776432,0.0005322553168172486,1.0,3.987319424179331e-07,0.0008707503781325239,0.9978786724455216,0.0008703516539432766
235,1.0,2.5861125512200055e-07,0.0005294040859341563,1e-08,0.9987358690807654,0.0005291454793640805,1.0,3.8947699601391487e-07,0.0008693995615056552,0.9978809356689453,0.000869010088054518
236,1.0,3.2929093324901117e-07,0.000541297293033117,1e-08,0.9987078674559323,0.0005409680073531696,1.0,3.9149181789188037e-07,0.0008714650783290648,0.9978765556040932,0.0008710735898656661
237,1.0,2.5208279005226863e-07,0.0005436441517887497,1e-08,0.9987028722868025,0.0005433920740864515,1.0,3.9196533673692984e-07,0.0008687655337031602,0.9978804518194759,0.0008683735744425041
238,1.0,3.9249878114950886e-07,0.000538884675636911,1e-08,0.9987122281542364,0.0005384921824776293,1.0,3.9396559322025337e-07,0.000868551611989353,0.9978820444906459,0.0008681576497003655
239,1.0,3.7961516907434795e-07,0.0005400763860641562,1e-08,0.9987111447742151,0.0005396967768411403,1.0,3.9128843799072483e-07,0.0008690887522842625,0.9978810040389791,0.0008686974701156621
240,1.0,3.256840737558935e-07,0.000537241112225566,1e-08,0.9987154310604311,0.000536915433361362,1.0,3.8840083181041254e-07,0.0008646997131804443,0.9978905539302265,0.000864311309723074
241,1.0,2.6500183926213764e-07,0.0005386053778907671,1e-08,0.9987139568763709,0.0005383403817486053,1.0,3.9528047982507946e-07,0.0008670490976381937,0.9978838939877117,0.0008666538248208406
242,1.0,2.693456695694692e-07,0.0005337680813910603,1e-08,0.9987259267261194,0.0005334987411818778,1.0,3.9422370309359717e-07,0.0008646890389226267,0.9978912788278916,0.0008642948241151102
243,1.0,3.4142843056230455e-07,0.0005447644064548489,1e-08,0.9986985112136265,0.0005444229831047789,1.0,3.8867833991840894e-07,0.0008618087971733664,0.9978989634443732,0.0008614201249335619
244,1.0,3.5742884149839675e-07,0.0005453716360952167,1e-08,0.9986991460593242,0.0005450142126855493,1.0,3.8475830239506463e-07,0.0008625555843429859,0.9978967554428998,0.0008621708257123828
245,1.0,2.557386859317982e-07,0.0005384138789421106,1e-08,0.9987132030088197,0.0005381581457804028,1.0,3.900053869396997e-07,0.0008633971447125077,0.9978934245951036,0.0008630071491044125
246,1.0,3.0982383073620845e-07,0.000538676793748548,1e-08,0.9987152406254655,0.0005383669747787955,1.0,3.789303687038709e-07,0.0008622911649153513,0.9978969351333731,0.0008619122390347697
247,1.0,1.008025200462368e-06,0.0005460077634596693,1e-08,0.9986992871986246,0.0005449997435972598,1.0,3.6548143492024447e-07,0.0008624967415337725,0.9978954003137701,0.000862131266758832
248,1.0,3.020210638451803e-07,0.0005374416115337912,1e-08,0.9987142644588303,0.0005371395942210307,1.0,3.7311957664719426e-07,0.000861024547381984,0.9978981605347466,0.0008606514294275685
249,1.0,2.685489209959928e-07,0.0005434138735418747,1e-08,0.9987015692318011,0.0005431453289289127,1.0,3.8399854036399843e-07,0.0008635644831776838,0.9978918739978004,0.0008631804915186128
250,1.0,2.668275880051029e-07,0.0005368100554841927,1e-08,0.9987211287396509,0.0005365432318411298,1.0,3.7846543593185047e-07,0.0008627649966750623,0.9978942222454968,0.000862386537311763
251,1.0,2.6925326219072517e-07,0.0005345480537053736,1e-08,0.9987228857646199,0.0005342788052007134,1.0,3.797643443113978e-07,0.0008585259612814031,0.9979052938082639,0.0008581462042296634
252,1.0,3.241922813500057e-07,0.0005415547061631011,1e-08,0.9987044094493555,0.0005412305193278154,1.0,3.8125926687622027e-07,0.0008604856497293119,0.9978994087261313,0.0008601043904063237
253,1.0,2.463082892083202e-07,0.0005491905362102197,1e-08,0.9986902681536645,0.0005489442336047947,1.0,3.8225265201507386e-07,0.0008623178197440746,0.9978939391234342,0.000861935576026821
254,1.0,2.8510045946702877e-07,0.0005405449718288175,1e-08,0.9987101419916693,0.0005402598762884736,1.0,3.844051515792845e-07,0.0008600065424723332,0.9978995927992989,0.0008596221425036407
255,1.0,3.3708639350396046e-07,0.0005332645518103404,1e-08,0.9987256249541756,0.000532927470971426,1.0,3.818035805422556e-07,0.0008563981631168109,0.997908213559319,0.0008560163662289543
256,1.0,3.0217679463612655e-07,0.0005393595988979364,1e-08,0.9987108694307459,0.000539057428103655,1.0,3.881549027293913e-07,0.0008540483198457343,0.9979143765042809,0.0008536601671949029
257,1.0,2.996194146065096e-07,0.0005293478302433559,1e-08,0.9987343075515339,0.0005290482156439948,1.0,3.948421762094553e-07,0.000857889317558147,0.9979054971652872,0.0008574944812982507
258,1.0,3.4068806368897536e-07,0.0005362172050580219,1e-08,0.9987216130742487,0.0005358765225743278,1.0,3.9020502248962093e-07,0.0008596721394603853,0.9979015588760376,0.0008592819409814718
259,1.0,2.8534572959129524e-07,0.0005339916639722614,1e-08,0.9987247530019508,0.0005337063242526104,1.0,3.9207505320813225e-07,0.0008557054594241301,0.9979097448727664,0.0008553133888841223
260,1.0,6.083611819981314e-07,0.0005432330447164182,1e-08,0.9987040411376353,0.0005426246872568597,1.0,3.815758270399235e-07,0.0008539981362820767,0.9979127566604054,0.0008536165636649136
261,1.0,2.9771191781007457e-07,0.0005334468191246496,1e-08,0.9987272526483116,0.0005331491128396559,1.0,3.96266596425221e-07,0.0008533163704936776,0.9979156860533882,0.000852920109858079
262,1.0,2.916162246802204e-07,0.0005336002715418126,1e-08,0.9987273070047487,0.0005333086601297413,1.0,3.952841127882908e-07,0.0008540141151409925,0.9979139382348341,0.0008536188388996594
263,1.0,2.8954765807919146e-07,0.0005445995111986351,1e-08,0.9987008284847692,0.0005443099696363422,1.0,3.87833489767786e-07,0.0008522215862553019,0.9979177713394165,0.0008518337563145906
264,1.0,3.559099724091956e-07,0.0005400872533246231,1e-08,0.9987089139110638,0.0005397313489884713,1.0,4.016780732866089e-07,0.000853215460665524,0.9979157386457219,0.0008528137841494754
265,1.0,2.6826792735254507e-07,0.0005339325453065418,1e-08,0.9987248911422754,0.0005336642813899572,1.0,3.9563223536480805e-07,0.0008538298022947,0.9979131484732908,0.0008534341776633964
266,1.0,3.118434410991523e-07,0.0005353546922670607,1e-08,0.9987239832023405,0.0005350428535097788,1.0,3.929831492901231e-07,0.0008543045525370604,0.9979129906962899,0.0008539115789223134
267,1.0,3.0390467304391535e-07,0.0005361887101199677,1e-08,0.9987208513343859,0.0005358848106679829,1.0,3.9418479032516484e-07,0.0008511575356618885,0.997919853995828,0.0008507633585181526
268,1.0,2.837283555494716e-07,0.0005350787331787254,1e-08,0.9987200539816851,0.0005347950101402477,1.0,4.0075888521454654e-07,0.0008523303250138484,0.9979183165466085,0.0008519295678364442
269,1.0,4.04127563022659e-07,0.000535579679336885,1e-08,0.9987201023401704,0.0005351755568177774,1.0,4.0755573807286164e-07,0.000853653223363354,0.9979149848222733,0.0008532456721535281
270,1.0,3.409898456901808e-07,0.0005339668198260215,1e-08,0.9987257310429459,0.000533625834314709,1.0,4.016354476189075e-07,0.0008491146890104146,0.9979245908120099,0.0008487130638540667
271,1.0,2.6730148816949644e-07,0.0005350673210451309,1e-08,0.9987235577226435,0.000534800025883406,1.0,3.951039452733967e-07,0.0008494679735603687,0.9979254261535757,0.0008490728753659984
272,1.0,8.413989662431936e-07,0.0005389570990088981,1e-08,0.9987133304652928,0.0005381157054399644,1.0,4.013737462655092e-07,0.0008473558341125574,0.9979268566650503,0.0008469544623307336
273,1.0,3.6624469231225626e-07,0.000542934911666766,1e-08,0.9987017118705893,0.0005425686725421147,1.0,4.0718460968993413e-07,0.000850295283324907,0.997921586913221,0.000849888106184902
274,1.0,3.064321698581332e-07,0.000537081635727345,1e-08,0.9987227213832567,0.00053677520854362,1.0,3.989741585996853e-07,0.0008471316532985143,0.9979294582324869,0.0008467326868626782
275,1.0,2.9146281953139893e-07,0.0005441657933787261,1e-08,0.9987006041238893,0.0005438743361803474,1.0,3.953827877388542e-07,0.0008472591862835758,0.9979274974149817,0.000846863813314806
276,1.0,2.828258600511517e-07,0.0005396001173458619,1e-08,0.9987093671312872,0.000539317296571889,1.0,3.9885726961753176e-07,0.0008471965103286921,0.9979262045201134,0.0008467976551722078
277,1.0,2.6295929135075734e-07,0.0005317757215677415,1e-08,0.9987326024463342,0.0005315127670867427,1.0,4.141616524243412e-07,0.0008435610121951493,0.9979360690888237,0.0008431468578397899
278,1.0,3.823365169397798e-07,0.0005402106417594887,1e-08,0.9987115477615932,0.0005398283105046319,1.0,4.079125419142362e-07,0.000844563265940558,0.9979338952723671,0.0008441553594928016
279,1.0,2.825485138380701e-07,0.0005365395881879911,1e-08,0.9987201790014902,0.0005362570455477942,1.0,4.0828754735270304e-07,0.0008413884865791153,0.9979407138684216,0.0008409802069175331
280,1.0,3.2767774495188043e-07,0.0005386613939783343,1e-08,0.9987130804256823,0.0005383337202204433,1.0,4.1405213877129317e-07,0.0008438415628488121,0.9979351276860517,0.0008434275120688492
281,1.0,2.5741826416929456e-07,0.0005381610367151341,1e-08,0.9987144134704422,0.0005379036243173217,1.0,4.1500283795080445e-07,0.000845025953501189,0.9979294144055423,0.0008446109585587264
282,1.0,2.767281741617413e-07,0.0005383657601972421,1e-08,0.9987160968330672,0.0005380890379570506,1.0,4.1405565470393626e-07,0.0008420616821454399,0.9979387504212996,0.0008416476330774672
283,1.0,2.776783322187968e-07,0.0005357616424337966,1e-08,0.9987226278526978,0.0005354839706582561,1.0,4.059049827234543e-07,0.0008405000091229073,0.9979414072106866,0.0008400941108394524
284,1.0,5.395756813205329e-07,0.0005390974410656552,1e-08,0.9987121046339191,0.0005385578707839457,1.0,4.129916147628124e-07,0.0008380588842555881,0.9979480715358958,0.000837645896621432
285,1.0,3.6722645026042925e-07,0.0005458991414663798,1e-08,0.998698520023118,0.0005455319199501684,1.0,4.219409248662487e-07,0.0008404663864947746,0.9979428666479447,0.0008400444528567331
286,1.0,4.101044239352114e-07,0.0005334896112736549,1e-08,0.9987271756121198,0.0005330795120358549,1.0,4.072623157929242e-07,0.0008372645380030222,0.9979503321297029,0.000836857283823466
287,1.0,2.6061969184291875e-07,0.0005421969014016396,1e-08,0.9987059006900907,0.0005419362859808512,1.0,4.0719164563039185e-07,0.0008347628189606921,0.9979536279159433,0.0008343556358287221
288,1.0,2.65150819472556e-07,0.0005414461917075498,1e-08,0.998706228703073,0.0005411810459277692,1.0,4.14663184416748e-07,0.000834825838169576,0.9979528504259446,0.0008344111744971836
289,1.0,3.183967153941384e-07,0.0005373208713644541,1e-08,0.998715230503922,0.0005370024795777241,1.0,4.16759565629163e-07,0.0008376325525151676,0.9979470416026957,0.0008372158002149424
